[2023-08-07 16:14:01] DEBUG: Buiding server
[2023-08-07 16:14:01] DEBUG: Path to configuration file resolved: /mnt/nfs/homes/tnaton/taskmaster/config_files/config.yml
[2023-08-07 16:14:01] DEBUG: Parsing YAML document
[2023-08-07 16:14:01] DEBUG: Parsing 'programs' block
[2023-08-07 16:14:01] DEBUG: Parsing program 'exception'
[2023-08-07 16:14:01] DEBUG: Parsing command in program 'exception'
[2023-08-07 16:14:01] DEBUG: Parsing numprocs in program 'exception'
[2023-08-07 16:14:01] WARNING: Encountered unknown key 'retry' in program 'exception'
[2023-08-07 16:14:01] DEBUG: Parsing umask in program 'exception'
[2023-08-07 16:14:01] DEBUG: Parsing exitcodes in program exception
[2023-08-07 16:14:01] DEBUG: Parsing exitcodes in program 'exception'
[2023-08-07 16:14:01] DEBUG: Parsing exitcodes in program 'exception'
[2023-08-07 16:14:01] DEBUG: Parsing autorestart in program exception
[2023-08-07 16:14:01] DEBUG: Parsing stopsignal in program exception
[2023-08-07 16:14:01] DEBUG: Parsing priority in program 'exception'
[2023-08-07 16:14:01] DEBUG: inserting valid program 'exception' in tree
[2023-08-07 16:14:01] DEBUG: Parsing program 'echoeing'
[2023-08-07 16:14:01] DEBUG: Parsing command in program 'echoeing'
[2023-08-07 16:14:01] WARNING: Encountered unknown key 'retry' in program 'echoeing'
[2023-08-07 16:14:01] DEBUG: Parsing umask in program 'echoeing'
[2023-08-07 16:14:01] DEBUG: Parsing user in program 'echoeing'
[2023-08-07 16:14:01] DEBUG: Parsing workingdir in program 'echoeing'
[2023-08-07 16:14:01] DEBUG: Parsing environment in program 'echoeing'
[2023-08-07 16:14:01] DEBUG: inserting valid program 'echoeing' in tree
[2023-08-07 16:14:01] DEBUG: Parsing 'server' block
[2023-08-07 16:14:01] WARNING: Encountered unknown key 'unixsocket' in server configuration
[2023-08-07 16:14:01] DEBUG: Parsing logfile in 'server'
[2023-08-07 16:14:01] DEBUG: Parsing loglevel in 'server'
[2023-08-07 16:14:01] DEBUG: Ready for logging
[2023-08-07 16:14:01] DEBUG: Adding program echoeing in list of priorities
[2023-08-07 16:14:01] DEBUG: Adding program exception in list of priorities
[2023-08-07 16:14:01] INFO: Starting taskmasterd
[2023-08-07 16:14:01] DEBUG: Launching priorities
[2023-08-07 16:14:01] DEBUG: Administrator for exception created
[2023-08-07 16:14:01] DEBUG: Administrator for echoeing created
[2023-08-07 16:14:01] DEBUG: Administrator for exception created
[2023-08-07 16:14:01] ERROR: exception could not open /tmp/exception_stdout.log for stdout logging
[2023-08-07 16:14:01] ERROR: exception could not open /tmp/exception_stderr.log for stderr logging
[2023-08-07 16:14:01] INFO: exception is now STARTING
[2023-08-07 16:14:01] DEBUG: exception has raw cmd /bin/sh -c "echo 32; sleep 5"
[2023-08-07 16:14:01] DEBUG: exception starting epoll time to wait : 3000
[2023-08-07 16:14:01] INFO: exception is now STARTING
[2023-08-07 16:14:01] DEBUG: exception has raw cmd /bin/sh -c "echo 32; sleep 5"
[2023-08-07 16:14:01] CRITICAL: exception command "/bin/sh -c "echo 32; sleep 5"" not found
[2023-08-07 16:14:01] DEBUG: exception starting epoll time to wait : 3000
[2023-08-07 16:14:01] INFO: echoeing is now STARTING
[2023-08-07 16:14:01] DEBUG: echoeing has raw cmd echo 1
[2023-08-07 16:14:01] DEBUG: echoeing starting epoll time to wait : 3000
[2023-08-07 16:14:01] CRITICAL: exception command "/bin/sh -c "echo 32; sleep 5"" not found
[2023-08-07 16:14:01] CRITICAL: echoeing command "echo 1" not found
[2023-08-07 16:14:01] WARNING: exception is now in BACKOFF
[2023-08-07 16:14:01] DEBUG: exception exited
[2023-08-07 16:14:01] DEBUG: exception restarting for the 1 time
[2023-08-07 16:14:01] INFO: exception is now STARTING
[2023-08-07 16:14:01] DEBUG: exception has raw cmd /bin/sh -c "echo 32; sleep 5"
[2023-08-07 16:14:01] DEBUG: exception starting epoll time to wait : 2999
[2023-08-07 16:14:01] DEBUG: exception starting epoll time to wait : 2992
[2023-08-07 16:14:01] WARNING: exception is now in BACKOFF
[2023-08-07 16:14:01] DEBUG: exception exited
[2023-08-07 16:14:01] DEBUG: exception restarting for the 1 time
[2023-08-07 16:14:01] INFO: exception is now STARTING
[2023-08-07 16:14:01] DEBUG: exception has raw cmd /bin/sh -c "echo 32; sleep 5"
[2023-08-07 16:14:01] DEBUG: exception starting epoll time to wait : 3000
[2023-08-07 16:14:01] WARNING: echoeing is now in BACKOFF
[2023-08-07 16:14:01] DEBUG: echoeing exited
[2023-08-07 16:14:01] CRITICAL: exception command "/bin/sh -c "echo 32; sleep 5"" not found
[2023-08-07 16:14:01] DEBUG: echoeing restarting for the 1 time
[2023-08-07 16:14:01] INFO: echoeing is now STARTING
[2023-08-07 16:14:01] DEBUG: echoeing has raw cmd echo 1
[2023-08-07 16:14:01] DEBUG: echoeing starting epoll time to wait : 3000
[2023-08-07 16:14:01] CRITICAL: exception command "/bin/sh -c "echo 32; sleep 5"" not found
[2023-08-07 16:14:01] CRITICAL: echoeing command "echo 1" not found
[2023-08-07 16:14:01] DEBUG: exception starting epoll time to wait : 2914
[2023-08-07 16:14:01] WARNING: echoeing is now in BACKOFF
[2023-08-07 16:14:01] DEBUG: echoeing exited
[2023-08-07 16:14:01] WARNING: exception is now in BACKOFF
[2023-08-07 16:14:01] DEBUG: exception exited
[2023-08-07 16:14:01] DEBUG: exception starting epoll time to wait : 2914
[2023-08-07 16:14:01] DEBUG: exception restarting for the 2 time
[2023-08-07 16:14:01] INFO: exception is now STARTING
[2023-08-07 16:14:01] DEBUG: echoeing restarting for the 2 time
[2023-08-07 16:14:01] DEBUG: exception has raw cmd /bin/sh -c "echo 32; sleep 5"
[2023-08-07 16:14:01] INFO: echoeing is now STARTING
[2023-08-07 16:14:01] DEBUG: echoeing has raw cmd echo 1
[2023-08-07 16:14:01] DEBUG: exception starting epoll time to wait : 3000
[2023-08-07 16:14:01] WARNING: exception is now in BACKOFF
[2023-08-07 16:14:01] DEBUG: exception exited
[2023-08-07 16:14:01] DEBUG: exception restarting for the 2 time
[2023-08-07 16:14:01] INFO: exception is now STARTING
[2023-08-07 16:14:01] DEBUG: exception has raw cmd /bin/sh -c "echo 32; sleep 5"
[2023-08-07 16:14:01] DEBUG: exception starting epoll time to wait : 3000
[2023-08-07 16:14:01] DEBUG: echoeing starting epoll time to wait : 3000
[2023-08-07 16:14:01] CRITICAL: exception command "/bin/sh -c "echo 32; sleep 5"" not found
[2023-08-07 16:14:01] CRITICAL: exception command "/bin/sh -c "echo 32; sleep 5"" not found
[2023-08-07 16:14:01] CRITICAL: echoeing command "echo 1" not found
[2023-08-07 16:14:01] DEBUG: exception starting epoll time to wait : 2930
[2023-08-07 16:14:01] WARNING: exception is now in BACKOFF
[2023-08-07 16:14:01] DEBUG: exception exited
[2023-08-07 16:14:01] DEBUG: exception restarting for the 3 time
[2023-08-07 16:14:01] INFO: exception is now STARTING
[2023-08-07 16:14:01] DEBUG: exception has raw cmd /bin/sh -c "echo 32; sleep 5"
[2023-08-07 16:14:01] DEBUG: exception starting epoll time to wait : 3000
[2023-08-07 16:14:01] WARNING: exception is now in BACKOFF
[2023-08-07 16:14:01] DEBUG: exception exited
[2023-08-07 16:14:01] DEBUG: exception restarting for the 3 time
[2023-08-07 16:14:01] INFO: exception is now STARTING
[2023-08-07 16:14:01] DEBUG: exception has raw cmd /bin/sh -c "echo 32; sleep 5"
[2023-08-07 16:14:01] DEBUG: exception starting epoll time to wait : 3000
[2023-08-07 16:14:01] WARNING: echoeing is now in BACKOFF
[2023-08-07 16:14:01] DEBUG: echoeing exited
[2023-08-07 16:14:01] DEBUG: echoeing restarting for the 3 time
[2023-08-07 16:14:01] INFO: echoeing is now STARTING
[2023-08-07 16:14:01] DEBUG: echoeing has raw cmd echo 1
[2023-08-07 16:14:01] DEBUG: echoeing starting epoll time to wait : 3000
[2023-08-07 16:14:01] CRITICAL: exception command "/bin/sh -c "echo 32; sleep 5"" not found
[2023-08-07 16:14:01] CRITICAL: exception command "/bin/sh -c "echo 32; sleep 5"" not found
[2023-08-07 16:14:01] CRITICAL: echoeing command "echo 1" not found
[2023-08-07 16:14:01] WARNING: exception is now in BACKOFF
[2023-08-07 16:14:01] DEBUG: exception exited
[2023-08-07 16:14:01] WARNING: exception is now in FATAL
[2023-08-07 16:14:01] INFO: exception could not restart, exiting
[2023-08-07 16:14:01] DEBUG: echoeing starting epoll time to wait : 2933
[2023-08-07 16:14:01] WARNING: exception is now in BACKOFF
[2023-08-07 16:14:01] DEBUG: exception exited
[2023-08-07 16:14:01] WARNING: exception is now in FATAL
[2023-08-07 16:14:01] INFO: exception could not restart, exiting
[2023-08-07 16:14:01] WARNING: echoeing is now in BACKOFF
[2023-08-07 16:14:01] DEBUG: echoeing exited
[2023-08-07 16:14:01] WARNING: echoeing is now in FATAL
[2023-08-07 16:14:01] INFO: echoeing could not restart, exiting
[2023-08-07 16:14:16] DEBUG: Waiting priorities
[2023-08-07 16:14:16] DEBUG: Terminating logging thread
[2023-08-07 16:15:02] DEBUG: Buiding server
[2023-08-07 16:15:02] DEBUG: Path to configuration file resolved: /mnt/nfs/homes/tnaton/taskmaster/config_files/config.yml
[2023-08-07 16:15:02] DEBUG: Parsing YAML document
[2023-08-07 16:15:02] DEBUG: Parsing 'programs' block
[2023-08-07 16:15:02] DEBUG: Parsing program 'exception'
[2023-08-07 16:15:02] DEBUG: Parsing command in program 'exception'
[2023-08-07 16:15:02] DEBUG: Parsing numprocs in program 'exception'
[2023-08-07 16:15:02] WARNING: Encountered unknown key 'retry' in program 'exception'
[2023-08-07 16:15:02] DEBUG: Parsing umask in program 'exception'
[2023-08-07 16:15:02] DEBUG: Parsing exitcodes in program exception
[2023-08-07 16:15:02] DEBUG: Parsing exitcodes in program 'exception'
[2023-08-07 16:15:02] DEBUG: Parsing exitcodes in program 'exception'
[2023-08-07 16:15:02] DEBUG: Parsing autorestart in program exception
[2023-08-07 16:15:02] DEBUG: Parsing stopsignal in program exception
[2023-08-07 16:15:02] DEBUG: Parsing priority in program 'exception'
[2023-08-07 16:15:02] DEBUG: inserting valid program 'exception' in tree
[2023-08-07 16:15:02] DEBUG: Parsing program 'echoeing'
[2023-08-07 16:15:02] DEBUG: Parsing command in program 'echoeing'
[2023-08-07 16:15:02] WARNING: Encountered unknown key 'retry' in program 'echoeing'
[2023-08-07 16:15:02] DEBUG: Parsing umask in program 'echoeing'
[2023-08-07 16:15:02] DEBUG: Parsing user in program 'echoeing'
[2023-08-07 16:15:02] DEBUG: Parsing workingdir in program 'echoeing'
[2023-08-07 16:15:02] DEBUG: Parsing environment in program 'echoeing'
[2023-08-07 16:15:02] DEBUG: inserting valid program 'echoeing' in tree
[2023-08-07 16:15:02] DEBUG: Parsing 'server' block
[2023-08-07 16:15:02] WARNING: Encountered unknown key 'unixsocket' in server configuration
[2023-08-07 16:15:02] DEBUG: Parsing logfile in 'server'
[2023-08-07 16:15:02] DEBUG: Parsing loglevel in 'server'
[2023-08-07 16:15:02] DEBUG: Ready for logging
[2023-08-07 16:15:02] DEBUG: Adding program echoeing in list of priorities
[2023-08-07 16:15:02] DEBUG: Adding program exception in list of priorities
[2023-08-07 16:15:02] INFO: Starting taskmasterd
[2023-08-07 16:15:02] DEBUG: Launching priorities
[2023-08-07 16:15:02] DEBUG: Administrator for exception created
[2023-08-07 16:15:02] ERROR: exception could not open /tmp/exception_stdout.log for stdout logging
[2023-08-07 16:15:02] ERROR: exception could not open /tmp/exception_stderr.log for stderr logging
[2023-08-07 16:15:02] INFO: exception is now STARTING
[2023-08-07 16:15:02] DEBUG: exception has raw cmd /bin/sh -c "echo 32; sleep 5"
[2023-08-07 16:15:02] DEBUG: exception starting epoll time to wait : 3000
[2023-08-07 16:15:02] DEBUG: Administrator for exception created
[2023-08-07 16:15:02] ERROR: exception could not open /tmp/exception_stdout.log for stdout logging
[2023-08-07 16:15:02] DEBUG: Administrator for echoeing created
[2023-08-07 16:15:02] ERROR: exception could not open /tmp/exception_stderr.log for stderr logging
[2023-08-07 16:15:02] INFO: exception is now STARTING
[2023-08-07 16:15:02] DEBUG: exception has raw cmd /bin/sh -c "echo 32; sleep 5"
[2023-08-07 16:15:02] ERROR: echoeing could not open /tmp/echoeing_stdout.log for stdout logging
[2023-08-07 16:15:02] CRITICAL: exception command "/bin/sh -c "echo 32; sleep 5"" not found
[2023-08-07 16:15:02] ERROR: echoeing could not open /tmp/echoeing_stderr.log for stderr logging
[2023-08-07 16:15:02] DEBUG: exception starting epoll time to wait : 3000
[2023-08-07 16:15:02] INFO: echoeing is now STARTING
[2023-08-07 16:15:02] DEBUG: echoeing has raw cmd echo 1
[2023-08-07 16:15:02] CRITICAL: exception command "/bin/sh -c "echo 32; sleep 5"" not found
[2023-08-07 16:15:02] CRITICAL: echoeing command "echo 1" not found
[2023-08-07 16:15:02] DEBUG: echoeing starting epoll time to wait : 3000
[2023-08-07 16:15:02] WARNING: exception is now in BACKOFF
[2023-08-07 16:15:02] DEBUG: exception exited
[2023-08-07 16:15:02] DEBUG: exception restarting for the 1 time
[2023-08-07 16:15:02] INFO: exception is now STARTING
[2023-08-07 16:15:02] DEBUG: exception has raw cmd /bin/sh -c "echo 32; sleep 5"
[2023-08-07 16:15:02] DEBUG: exception starting epoll time to wait : 3000
[2023-08-07 16:15:02] WARNING: exception is now in BACKOFF
[2023-08-07 16:15:02] DEBUG: exception exited
[2023-08-07 16:15:02] DEBUG: exception restarting for the 1 time
[2023-08-07 16:15:02] INFO: exception is now STARTING
[2023-08-07 16:15:02] DEBUG: exception has raw cmd /bin/sh -c "echo 32; sleep 5"
[2023-08-07 16:15:02] DEBUG: exception starting epoll time to wait : 3000
[2023-08-07 16:15:02] WARNING: echoeing is now in BACKOFF
[2023-08-07 16:15:02] DEBUG: exception starting epoll time to wait : 2994
[2023-08-07 16:15:02] DEBUG: echoeing exited
[2023-08-07 16:15:02] DEBUG: echoeing restarting for the 1 time
[2023-08-07 16:15:02] INFO: echoeing is now STARTING
[2023-08-07 16:15:02] DEBUG: echoeing has raw cmd echo 1
[2023-08-07 16:15:02] DEBUG: echoeing starting epoll time to wait : 3000
[2023-08-07 16:15:02] CRITICAL: exception command "/bin/sh -c "echo 32; sleep 5"" not found
[2023-08-07 16:15:02] CRITICAL: exception command "/bin/sh -c "echo 32; sleep 5"" not found
[2023-08-07 16:15:02] CRITICAL: echoeing command "echo 1" not found
[2023-08-07 16:15:02] DEBUG: exception starting epoll time to wait : 2934
[2023-08-07 16:15:02] WARNING: exception is now in BACKOFF
[2023-08-07 16:15:02] DEBUG: exception exited
[2023-08-07 16:15:02] DEBUG: exception restarting for the 2 time
[2023-08-07 16:15:02] INFO: exception is now STARTING
[2023-08-07 16:15:02] DEBUG: exception has raw cmd /bin/sh -c "echo 32; sleep 5"
[2023-08-07 16:15:02] DEBUG: exception starting epoll time to wait : 3000
[2023-08-07 16:15:02] WARNING: exception is now in BACKOFF
[2023-08-07 16:15:02] DEBUG: exception exited
[2023-08-07 16:15:02] DEBUG: exception restarting for the 2 time
[2023-08-07 16:15:02] INFO: exception is now STARTING
[2023-08-07 16:15:02] DEBUG: exception has raw cmd /bin/sh -c "echo 32; sleep 5"
[2023-08-07 16:15:02] DEBUG: exception starting epoll time to wait : 3000
[2023-08-07 16:15:02] CRITICAL: exception command "/bin/sh -c "echo 32; sleep 5"" not found
[2023-08-07 16:15:02] CRITICAL: exception command "/bin/sh -c "echo 32; sleep 5"" not found
[2023-08-07 16:15:03] WARNING: echoeing is now in BACKOFF
[2023-08-07 16:15:03] DEBUG: echoeing exited
[2023-08-07 16:15:03] DEBUG: echoeing restarting for the 2 time
[2023-08-07 16:15:03] INFO: echoeing is now STARTING
[2023-08-07 16:15:03] DEBUG: echoeing has raw cmd echo 1
[2023-08-07 16:15:03] DEBUG: echoeing starting epoll time to wait : 3000
[2023-08-07 16:15:03] CRITICAL: echoeing command "echo 1" not found
[2023-08-07 16:15:03] WARNING: exception is now in BACKOFF
[2023-08-07 16:15:03] DEBUG: exception exited
[2023-08-07 16:15:03] DEBUG: exception restarting for the 3 time
[2023-08-07 16:15:03] INFO: exception is now STARTING
[2023-08-07 16:15:03] DEBUG: exception has raw cmd /bin/sh -c "echo 32; sleep 5"
[2023-08-07 16:15:03] DEBUG: exception starting epoll time to wait : 3000
[2023-08-07 16:15:03] CRITICAL: exception command "/bin/sh -c "echo 32; sleep 5"" not found
[2023-08-07 16:15:03] WARNING: exception is now in BACKOFF
[2023-08-07 16:15:03] DEBUG: exception exited
[2023-08-07 16:15:03] DEBUG: exception restarting for the 3 time
[2023-08-07 16:15:03] INFO: exception is now STARTING
[2023-08-07 16:15:03] WARNING: echoeing is now in BACKOFF
[2023-08-07 16:15:03] DEBUG: echoeing exited
[2023-08-07 16:15:03] DEBUG: echoeing restarting for the 3 time
[2023-08-07 16:15:03] INFO: echoeing is now STARTING
[2023-08-07 16:15:03] DEBUG: echoeing has raw cmd echo 1
[2023-08-07 16:15:03] DEBUG: echoeing starting epoll time to wait : 3000
[2023-08-07 16:15:03] DEBUG: exception has raw cmd /bin/sh -c "echo 32; sleep 5"
[2023-08-07 16:15:03] DEBUG: exception starting epoll time to wait : 3000
[2023-08-07 16:15:03] CRITICAL: exception command "/bin/sh -c "echo 32; sleep 5"" not found
[2023-08-07 16:15:03] CRITICAL: echoeing command "echo 1" not found
[2023-08-07 16:15:03] WARNING: exception is now in BACKOFF
[2023-08-07 16:15:03] DEBUG: exception exited
[2023-08-07 16:15:03] WARNING: exception is now in FATAL
[2023-08-07 16:15:03] INFO: exception could not restart, exiting
[2023-08-07 16:15:03] WARNING: exception is now in BACKOFF
[2023-08-07 16:15:03] DEBUG: exception exited
[2023-08-07 16:15:03] WARNING: exception is now in FATAL
[2023-08-07 16:15:03] INFO: exception could not restart, exiting
[2023-08-07 16:15:03] WARNING: echoeing is now in BACKOFF
[2023-08-07 16:15:03] DEBUG: echoeing exited
[2023-08-07 16:15:03] WARNING: echoeing is now in FATAL
[2023-08-07 16:15:03] INFO: echoeing could not restart, exiting
[2023-08-07 16:15:04] DEBUG: Waiting priorities
[2023-08-07 16:15:04] DEBUG: Terminating logging thread
[2023-08-07 16:15:08] DEBUG: Buiding server
[2023-08-07 16:15:08] DEBUG: Path to configuration file resolved: /mnt/nfs/homes/tnaton/taskmaster/config_files/config.yml
[2023-08-07 16:15:08] DEBUG: Parsing YAML document
[2023-08-07 16:15:08] DEBUG: Parsing 'programs' block
[2023-08-07 16:15:08] DEBUG: Parsing program 'exception'
[2023-08-07 16:15:08] DEBUG: Parsing command in program 'exception'
[2023-08-07 16:15:08] DEBUG: Parsing numprocs in program 'exception'
[2023-08-07 16:15:08] WARNING: Encountered unknown key 'retry' in program 'exception'
[2023-08-07 16:15:08] DEBUG: Parsing umask in program 'exception'
[2023-08-07 16:15:08] DEBUG: Parsing exitcodes in program exception
[2023-08-07 16:15:08] DEBUG: Parsing exitcodes in program 'exception'
[2023-08-07 16:15:08] DEBUG: Parsing exitcodes in program 'exception'
[2023-08-07 16:15:08] DEBUG: Parsing autorestart in program exception
[2023-08-07 16:15:08] DEBUG: Parsing stopsignal in program exception
[2023-08-07 16:15:08] DEBUG: Parsing priority in program 'exception'
[2023-08-07 16:15:08] DEBUG: inserting valid program 'exception' in tree
[2023-08-07 16:15:08] DEBUG: Parsing program 'echoeing'
[2023-08-07 16:15:08] DEBUG: Parsing command in program 'echoeing'
[2023-08-07 16:15:08] WARNING: Encountered unknown key 'retry' in program 'echoeing'
[2023-08-07 16:15:08] DEBUG: Parsing umask in program 'echoeing'
[2023-08-07 16:15:08] DEBUG: Parsing user in program 'echoeing'
[2023-08-07 16:15:08] DEBUG: Parsing workingdir in program 'echoeing'
[2023-08-07 16:15:08] DEBUG: Parsing environment in program 'echoeing'
[2023-08-07 16:15:08] DEBUG: inserting valid program 'echoeing' in tree
[2023-08-07 16:15:08] DEBUG: Parsing 'server' block
[2023-08-07 16:15:08] WARNING: Encountered unknown key 'unixsocket' in server configuration
[2023-08-07 16:15:08] DEBUG: Parsing logfile in 'server'
[2023-08-07 16:15:08] DEBUG: Parsing loglevel in 'server'
[2023-08-07 16:15:08] DEBUG: Ready for logging
[2023-08-07 16:15:08] DEBUG: Adding program echoeing in list of priorities
[2023-08-07 16:15:08] DEBUG: Adding program exception in list of priorities
[2023-08-07 16:15:08] INFO: Starting taskmasterd
[2023-08-07 16:15:08] DEBUG: Launching priorities
[2023-08-07 16:15:08] DEBUG: Administrator for exception created
[2023-08-07 16:15:08] ERROR: exception could not open /tmp/exception_stdout.log for stdout logging
[2023-08-07 16:15:08] ERROR: exception could not open /tmp/exception_stderr.log for stderr logging
[2023-08-07 16:15:08] INFO: exception is now STARTING
[2023-08-07 16:15:08] DEBUG: Administrator for exception created
[2023-08-07 16:15:08] DEBUG: exception has raw cmd /bin/sh -c "echo 32; sleep 5"
[2023-08-07 16:15:08] DEBUG: Administrator for echoeing created
[2023-08-07 16:15:08] ERROR: exception could not open /tmp/exception_stdout.log for stdout logging
[2023-08-07 16:15:08] ERROR: echoeing could not open /tmp/echoeing_stdout.log for stdout logging
[2023-08-07 16:15:08] ERROR: exception could not open /tmp/exception_stderr.log for stderr logging
[2023-08-07 16:15:08] ERROR: echoeing could not open /tmp/echoeing_stderr.log for stderr logging
[2023-08-07 16:15:08] INFO: exception is now STARTING
[2023-08-07 16:15:08] DEBUG: exception starting epoll time to wait : 3000
[2023-08-07 16:15:08] DEBUG: echoeing restarting for the 1 time
[2023-08-07 16:15:08] CRITICAL: exception command "/bin/sh -c "echo 32; sleep 5"" not found
[2023-08-07 16:15:08] WARNING: exception is now in BACKOFF
[2023-08-07 16:15:08] CRITICAL: exception command "/bin/sh -c "echo 32; sleep 5"" not found
[2023-08-07 16:15:08] CRITICAL: echoeing command "echo 1" not found
[2023-08-07 16:15:08] WARNING: echoeing is now in BACKOFF
[2023-08-07 16:15:08] DEBUG: echoeing exited
[2023-08-07 16:15:08] DEBUG: echoeing restarting for the 3 time
[2023-08-07 16:15:08] INFO: echoeing is now STARTING
[2023-08-07 16:15:08] DEBUG: echoeing has raw cmd echo 1
[2023-08-07 16:15:08] DEBUG: echoeing starting epoll time to wait : 3000
[2023-08-07 16:15:08] CRITICAL: echoeing command "echo 1" not found
[2023-08-07 16:15:08] WARNING: echoeing is now in BACKOFF
[2023-08-07 16:15:08] DEBUG: echoeing exited
[2023-08-07 16:15:08] WARNING: echoeing is now in FATAL
[2023-08-07 16:15:08] INFO: echoeing could not restart, exiting
[2023-08-07 16:15:08] WARNING: exception is now in BACKOFF
[2023-08-07 16:15:08] DEBUG: exception exited
[2023-08-07 16:15:08] DEBUG: exception restarting for the 3 time
[2023-08-07 16:15:08] INFO: exception is now STARTING
[2023-08-07 16:15:08] DEBUG: exception has raw cmd /bin/sh -c "echo 32; sleep 5"
[2023-08-07 16:15:08] DEBUG: exception starting epoll time to wait : 3000
[2023-08-07 16:15:08] CRITICAL: exception command "/bin/sh -c "echo 32; sleep 5"" not found
[2023-08-07 16:15:08] WARNING: exception is now in BACKOFF
[2023-08-07 16:15:19] DEBUG: Waiting priorities
[2023-08-07 16:15:19] DEBUG: Terminating logging thread
