This file contains any messages produced by compilers while
running configure, to aid debugging if configure makes a mistake.

It was created by yaml configure 0.2.5, which was
generated by GNU Autoconf 2.69.  Invocation command line was

  $ ./configure 

## --------- ##
## Platform. ##
## --------- ##

hostname = paul-f3Ar3s3.clusters.42paris.fr
uname -m = x86_64
uname -r = 5.15.0-73-generic
uname -s = Linux
uname -v = #80-Ubuntu SMP Mon May 15 15:18:26 UTC 2023

/usr/bin/uname -p = x86_64
/bin/uname -X     = unknown

/bin/arch              = x86_64
/usr/bin/arch -k       = unknown
/usr/convex/getsysinfo = unknown
/usr/bin/hostinfo      = unknown
/bin/machine           = unknown
/usr/bin/oslevel       = unknown
/bin/universe          = unknown

PATH: /goinfre/bdetune/miniconda3/bin
PATH: /mnt/nfs/homes/bdetune/bin
PATH: /usr/local/sbin
PATH: /usr/local/bin
PATH: /usr/sbin
PATH: /usr/bin
PATH: /sbin
PATH: /bin
PATH: /usr/games
PATH: /usr/local/games
PATH: /snap/bin


## ----------- ##
## Core tests. ##
## ----------- ##

configure:2331: checking for a BSD-compatible install
configure:2399: result: /usr/bin/install -c
configure:2410: checking whether build environment is sane
configure:2465: result: yes
configure:2616: checking for a thread-safe mkdir -p
configure:2655: result: /usr/bin/mkdir -p
configure:2662: checking for gawk
configure:2678: found /usr/bin/gawk
configure:2689: result: gawk
configure:2700: checking whether make sets $(MAKE)
configure:2722: result: yes
configure:2751: checking whether make supports nested variables
configure:2768: result: yes
configure:2970: checking for gcc
configure:2986: found /usr/bin/gcc
configure:2997: result: gcc
configure:3226: checking for C compiler version
configure:3235: gcc --version >&5
gcc (Ubuntu 10.4.0-4ubuntu1~22.04) 10.4.0
Copyright (C) 2020 Free Software Foundation, Inc.
This is free software; see the source for copying conditions.  There is NO
warranty; not even for MERCHANTABILITY or FITNESS FOR A PARTICULAR PURPOSE.

configure:3246: $? = 0
configure:3235: gcc -v >&5
Using built-in specs.
COLLECT_GCC=gcc
COLLECT_LTO_WRAPPER=/usr/lib/gcc/x86_64-linux-gnu/10/lto-wrapper
Target: x86_64-linux-gnu
Configured with: ../src/configure -v --with-pkgversion='Ubuntu 10.4.0-4ubuntu1~22.04' --with-bugurl=file:///usr/share/doc/gcc-10/README.Bugs --enable-languages=c,ada,c++,go,brig,d,fortran,objc,obj-c++,m2 --prefix=/usr --with-gcc-major-version-only --program-suffix=-10 --program-prefix=x86_64-linux-gnu- --enable-shared --enable-linker-build-id --libexecdir=/usr/lib --without-included-gettext --enable-threads=posix --libdir=/usr/lib --enable-nls --enable-bootstrap --enable-clocale=gnu --enable-libstdcxx-debug --enable-libstdcxx-time=yes --with-default-libstdcxx-abi=new --enable-gnu-unique-object --disable-vtable-verify --enable-plugin --enable-default-pie --with-system-zlib --enable-libphobos-checking=release --with-target-system-zlib=auto --enable-objc-gc=auto --enable-multiarch --disable-werror --with-arch-32=i686 --with-abi=m64 --with-multilib-list=m32,m64,mx32 --enable-multilib --with-tune=generic --enable-offload-targets=hsa --without-cuda-driver --enable-checking=release --build=x86_64-linux-gnu --host=x86_64-linux-gnu --target=x86_64-linux-gnu --with-build-config=bootstrap-lto-lean --enable-link-mutex
Thread model: posix
Supported LTO compression algorithms: zlib zstd
gcc version 10.4.0 (Ubuntu 10.4.0-4ubuntu1~22.04) 
configure:3246: $? = 0
configure:3235: gcc -V >&5
gcc: error: unrecognized command-line option '-V'
gcc: fatal error: no input files
compilation terminated.
configure:3246: $? = 1
configure:3235: gcc -qversion >&5
gcc: error: unrecognized command-line option '-qversion'; did you mean '--version'?
gcc: fatal error: no input files
compilation terminated.
configure:3246: $? = 1
configure:3266: checking whether the C compiler works
configure:3288: gcc    conftest.c  >&5
configure:3292: $? = 0
configure:3340: result: yes
configure:3343: checking for C compiler default output file name
configure:3345: result: a.out
configure:3351: checking for suffix of executables
configure:3358: gcc -o conftest    conftest.c  >&5
configure:3362: $? = 0
configure:3384: result: 
configure:3406: checking whether we are cross compiling
configure:3414: gcc -o conftest    conftest.c  >&5
configure:3418: $? = 0
configure:3425: ./conftest
configure:3429: $? = 0
configure:3444: result: no
configure:3449: checking for suffix of object files
configure:3471: gcc -c   conftest.c >&5
configure:3475: $? = 0
configure:3496: result: o
configure:3500: checking whether we are using the GNU C compiler
configure:3519: gcc -c   conftest.c >&5
configure:3519: $? = 0
configure:3528: result: yes
configure:3537: checking whether gcc accepts -g
configure:3557: gcc -c -g  conftest.c >&5
configure:3557: $? = 0
configure:3598: result: yes
configure:3615: checking for gcc option to accept ISO C89
configure:3678: gcc  -c -g -O2  conftest.c >&5
configure:3678: $? = 0
configure:3691: result: none needed
configure:3716: checking whether gcc understands -c and -o together
configure:3738: gcc -c conftest.c -o conftest2.o
configure:3741: $? = 0
configure:3738: gcc -c conftest.c -o conftest2.o
configure:3741: $? = 0
configure:3753: result: yes
configure:3781: checking for style of include used by make
configure:3809: result: GNU
configure:3835: checking dependency style of gcc
configure:3946: result: gcc3
configure:3966: checking how to run the C preprocessor
configure:3997: gcc -E  conftest.c
configure:3997: $? = 0
configure:4011: gcc -E  conftest.c
conftest.c:15:10: fatal error: ac_nonexistent.h: No such file or directory
   15 | #include <ac_nonexistent.h>
      |          ^~~~~~~~~~~~~~~~~~
compilation terminated.
configure:4011: $? = 1
configure: failed program was:
| /* confdefs.h */
| #define PACKAGE_NAME "yaml"
| #define PACKAGE_TARNAME "yaml"
| #define PACKAGE_VERSION "0.2.5"
| #define PACKAGE_STRING "yaml 0.2.5"
| #define PACKAGE_BUGREPORT "https://github.com/yaml/libyaml/issues/new"
| #define PACKAGE_URL ""
| #define PACKAGE "yaml"
| #define VERSION "0.2.5"
| #define YAML_VERSION_MAJOR 0
| #define YAML_VERSION_MINOR 2
| #define YAML_VERSION_PATCH 5
| #define YAML_VERSION_STRING "0.2.5"
| /* end confdefs.h.  */
| #include <ac_nonexistent.h>
configure:4036: result: gcc -E
configure:4056: gcc -E  conftest.c
configure:4056: $? = 0
configure:4070: gcc -E  conftest.c
conftest.c:15:10: fatal error: ac_nonexistent.h: No such file or directory
   15 | #include <ac_nonexistent.h>
      |          ^~~~~~~~~~~~~~~~~~
compilation terminated.
configure:4070: $? = 1
configure: failed program was:
| /* confdefs.h */
| #define PACKAGE_NAME "yaml"
| #define PACKAGE_TARNAME "yaml"
| #define PACKAGE_VERSION "0.2.5"
| #define PACKAGE_STRING "yaml 0.2.5"
| #define PACKAGE_BUGREPORT "https://github.com/yaml/libyaml/issues/new"
| #define PACKAGE_URL ""
| #define PACKAGE "yaml"
| #define VERSION "0.2.5"
| #define YAML_VERSION_MAJOR 0
| #define YAML_VERSION_MINOR 2
| #define YAML_VERSION_PATCH 5
| #define YAML_VERSION_STRING "0.2.5"
| /* end confdefs.h.  */
| #include <ac_nonexistent.h>
configure:4099: checking whether ln -s works
configure:4103: result: yes
configure:4110: checking whether make sets $(MAKE)
configure:4132: result: yes
configure:4170: checking build system type
configure:4184: result: x86_64-pc-linux-gnu
configure:4204: checking host system type
configure:4217: result: x86_64-pc-linux-gnu
configure:4258: checking how to print strings
configure:4285: result: printf
configure:4306: checking for a sed that does not truncate output
configure:4370: result: /usr/bin/sed
configure:4388: checking for grep that handles long lines and -e
configure:4446: result: /usr/bin/grep
configure:4451: checking for egrep
configure:4513: result: /usr/bin/grep -E
configure:4518: checking for fgrep
configure:4580: result: /usr/bin/grep -F
configure:4615: checking for ld used by gcc
configure:4682: result: /usr/bin/ld
configure:4689: checking if the linker (/usr/bin/ld) is GNU ld
configure:4704: result: yes
configure:4716: checking for BSD- or MS-compatible name lister (nm)
configure:4770: result: /usr/bin/nm -B
configure:4900: checking the name lister (/usr/bin/nm -B) interface
configure:4907: gcc -c -g -O2  conftest.c >&5
configure:4910: /usr/bin/nm -B "conftest.o"
configure:4913: output
0000000000000000 B some_variable
configure:4920: result: BSD nm
configure:4924: checking the maximum length of command line arguments
configure:5055: result: 1572864
configure:5103: checking how to convert x86_64-pc-linux-gnu file names to x86_64-pc-linux-gnu format
configure:5143: result: func_convert_file_noop
configure:5150: checking how to convert x86_64-pc-linux-gnu file names to toolchain format
configure:5170: result: func_convert_file_noop
configure:5177: checking for /usr/bin/ld option to reload object files
configure:5184: result: -r
configure:5258: checking for objdump
configure:5274: found /usr/bin/objdump
configure:5285: result: objdump
configure:5317: checking how to recognize dependent libraries
configure:5517: result: pass_all
configure:5602: checking for dlltool
configure:5632: result: no
configure:5662: checking how to associate runtime and link libraries
configure:5689: result: printf %s\n
configure:5750: checking for ar
configure:5766: found /usr/bin/ar
configure:5777: result: ar
configure:5814: checking for archiver @FILE support
configure:5831: gcc -c -g -O2  conftest.c >&5
configure:5831: $? = 0
configure:5834: ar cru libconftest.a @conftest.lst >&5
ar: `u' modifier ignored since `D' is the default (see `U')
configure:5837: $? = 0
configure:5842: ar cru libconftest.a @conftest.lst >&5
ar: `u' modifier ignored since `D' is the default (see `U')
ar: conftest.o: No such file or directory
configure:5845: $? = 1
configure:5857: result: @
configure:5915: checking for strip
configure:5931: found /usr/bin/strip
configure:5942: result: strip
configure:6014: checking for ranlib
configure:6030: found /usr/bin/ranlib
configure:6041: result: ranlib
configure:6143: checking command to parse /usr/bin/nm -B output from gcc object
configure:6296: gcc -c -g -O2  conftest.c >&5
configure:6299: $? = 0
configure:6303: /usr/bin/nm -B conftest.o \| sed -n -e 's/^.*[ ]\([ABCDGIRSTW][ABCDGIRSTW]*\)[ ][ ]*\([_A-Za-z][_A-Za-z0-9]*\)$/\1 \2 \2/p' | sed '/ __gnu_lto/d' \> conftest.nm
configure:6306: $? = 0
configure:6372: gcc -o conftest -g -O2   conftest.c conftstm.o >&5
configure:6375: $? = 0
configure:6413: result: ok
configure:6460: checking for sysroot
configure:6490: result: no
configure:6497: checking for a working dd
configure:6535: result: /usr/bin/dd
configure:6539: checking how to truncate binary pipes
configure:6554: result: /usr/bin/dd bs=4096 count=1
configure:6690: gcc -c -g -O2  conftest.c >&5
configure:6693: $? = 0
configure:6883: checking for mt
configure:6899: found /usr/bin/mt
configure:6910: result: mt
configure:6933: checking if mt is a manifest tool
configure:6939: mt '-?'
configure:6947: result: no
configure:7620: checking for ANSI C header files
configure:7640: gcc -c -g -O2  conftest.c >&5
configure:7640: $? = 0
configure:7713: gcc -o conftest -g -O2   conftest.c  >&5
configure:7713: $? = 0
configure:7713: ./conftest
configure:7713: $? = 0
configure:7724: result: yes
configure:7737: checking for sys/types.h
configure:7737: gcc -c -g -O2  conftest.c >&5
configure:7737: $? = 0
configure:7737: result: yes
configure:7737: checking for sys/stat.h
configure:7737: gcc -c -g -O2  conftest.c >&5
configure:7737: $? = 0
configure:7737: result: yes
configure:7737: checking for stdlib.h
configure:7737: gcc -c -g -O2  conftest.c >&5
configure:7737: $? = 0
configure:7737: result: yes
configure:7737: checking for string.h
configure:7737: gcc -c -g -O2  conftest.c >&5
configure:7737: $? = 0
configure:7737: result: yes
configure:7737: checking for memory.h
configure:7737: gcc -c -g -O2  conftest.c >&5
configure:7737: $? = 0
configure:7737: result: yes
configure:7737: checking for strings.h
configure:7737: gcc -c -g -O2  conftest.c >&5
configure:7737: $? = 0
configure:7737: result: yes
configure:7737: checking for inttypes.h
configure:7737: gcc -c -g -O2  conftest.c >&5
configure:7737: $? = 0
configure:7737: result: yes
configure:7737: checking for stdint.h
configure:7737: gcc -c -g -O2  conftest.c >&5
configure:7737: $? = 0
configure:7737: result: yes
configure:7737: checking for unistd.h
configure:7737: gcc -c -g -O2  conftest.c >&5
configure:7737: $? = 0
configure:7737: result: yes
configure:7751: checking for dlfcn.h
configure:7751: gcc -c -g -O2  conftest.c >&5
configure:7751: $? = 0
configure:7751: result: yes
configure:8007: checking for objdir
configure:8022: result: .libs
configure:8282: checking if gcc supports -fno-rtti -fno-exceptions
configure:8300: gcc -c -g -O2  -fno-rtti -fno-exceptions conftest.c >&5
cc1: warning: command-line option '-fno-rtti' is valid for C++/D/ObjC++ but not for C
configure:8304: $? = 0
configure:8317: result: no
configure:8675: checking for gcc option to produce PIC
configure:8682: result: -fPIC -DPIC
configure:8690: checking if gcc PIC flag -fPIC -DPIC works
configure:8708: gcc -c -g -O2  -fPIC -DPIC -DPIC conftest.c >&5
configure:8712: $? = 0
configure:8725: result: yes
configure:8754: checking if gcc static flag -static works
configure:8782: result: yes
configure:8797: checking if gcc supports -c -o file.o
configure:8818: gcc -c -g -O2  -o out/conftest2.o conftest.c >&5
configure:8822: $? = 0
configure:8844: result: yes
configure:8852: checking if gcc supports -c -o file.o
configure:8899: result: yes
configure:8932: checking whether the gcc linker (/usr/bin/ld -m elf_x86_64) supports shared libraries
configure:10195: result: yes
configure:10232: checking whether -lc should be explicitly linked in
configure:10240: gcc -c -g -O2  conftest.c >&5
configure:10243: $? = 0
configure:10258: gcc -shared  -fPIC -DPIC conftest.o  -v -Wl,-soname -Wl,conftest -o conftest 2\>\&1 \| /usr/bin/grep  -lc  \>/dev/null 2\>\&1
configure:10261: $? = 0
configure:10275: result: no
configure:10435: checking dynamic linker characteristics
configure:11016: gcc -o conftest -g -O2   -Wl,-rpath -Wl,/foo conftest.c  >&5
configure:11016: $? = 0
configure:11265: result: GNU/Linux ld.so
configure:11387: checking how to hardcode library paths into programs
configure:11412: result: immediate
configure:11960: checking whether stripping libraries is possible
configure:11965: result: yes
configure:12000: checking if libtool supports shared libraries
configure:12002: result: yes
configure:12005: checking whether to build shared libraries
configure:12030: result: yes
configure:12033: checking whether to build static libraries
configure:12037: result: yes
configure:12077: checking for doxygen
configure:12105: result: false
configure:12123: checking for ANSI C header files
configure:12227: result: yes
configure:12237: checking for stdlib.h
configure:12237: result: yes
configure:12249: checking for an ANSI C-conforming const
configure:12315: gcc -c -g -O2  conftest.c >&5
configure:12315: $? = 0
configure:12322: result: yes
configure:12330: checking for size_t
configure:12330: gcc -c -g -O2  conftest.c >&5
configure:12330: $? = 0
configure:12330: gcc -c -g -O2  conftest.c >&5
conftest.c: In function 'main':
conftest.c:65:21: error: expected expression before ')' token
   65 | if (sizeof ((size_t)))
      |                     ^
configure:12330: $? = 1
configure: failed program was:
| /* confdefs.h */
| #define PACKAGE_NAME "yaml"
| #define PACKAGE_TARNAME "yaml"
| #define PACKAGE_VERSION "0.2.5"
| #define PACKAGE_STRING "yaml 0.2.5"
| #define PACKAGE_BUGREPORT "https://github.com/yaml/libyaml/issues/new"
| #define PACKAGE_URL ""
| #define PACKAGE "yaml"
| #define VERSION "0.2.5"
| #define YAML_VERSION_MAJOR 0
| #define YAML_VERSION_MINOR 2
| #define YAML_VERSION_PATCH 5
| #define YAML_VERSION_STRING "0.2.5"
| #define STDC_HEADERS 1
| #define HAVE_SYS_TYPES_H 1
| #define HAVE_SYS_STAT_H 1
| #define HAVE_STDLIB_H 1
| #define HAVE_STRING_H 1
| #define HAVE_MEMORY_H 1
| #define HAVE_STRINGS_H 1
| #define HAVE_INTTYPES_H 1
| #define HAVE_STDINT_H 1
| #define HAVE_UNISTD_H 1
| #define HAVE_DLFCN_H 1
| #define LT_OBJDIR ".libs/"
| #define STDC_HEADERS 1
| #define HAVE_STDLIB_H 1
| /* end confdefs.h.  */
| #include <stdio.h>
| #ifdef HAVE_SYS_TYPES_H
| # include <sys/types.h>
| #endif
| #ifdef HAVE_SYS_STAT_H
| # include <sys/stat.h>
| #endif
| #ifdef STDC_HEADERS
| # include <stdlib.h>
| # include <stddef.h>
| #else
| # ifdef HAVE_STDLIB_H
| #  include <stdlib.h>
| # endif
| #endif
| #ifdef HAVE_STRING_H
| # if !defined STDC_HEADERS && defined HAVE_MEMORY_H
| #  include <memory.h>
| # endif
| # include <string.h>
| #endif
| #ifdef HAVE_STRINGS_H
| # include <strings.h>
| #endif
| #ifdef HAVE_INTTYPES_H
| # include <inttypes.h>
| #endif
| #ifdef HAVE_STDINT_H
| # include <stdint.h>
| #endif
| #ifdef HAVE_UNISTD_H
| # include <unistd.h>
| #endif
| int
| main ()
| {
| if (sizeof ((size_t)))
| 	    return 0;
|   ;
|   return 0;
| }
configure:12330: result: yes
configure:12448: checking that generated files are newer than configure
configure:12454: result: done
configure:12481: creating ./config.status

## ---------------------- ##
## Running config.status. ##
## ---------------------- ##

This file was extended by yaml config.status 0.2.5, which was
generated by GNU Autoconf 2.69.  Invocation command line was

  CONFIG_FILES    = 
  CONFIG_HEADERS  = 
  CONFIG_LINKS    = 
  CONFIG_COMMANDS = 
  $ ./config.status 

on paul-f3Ar3s3.clusters.42paris.fr

config.status:1101: creating yaml-0.1.pc
config.status:1101: creating include/Makefile
config.status:1101: creating src/Makefile
config.status:1101: creating Makefile
config.status:1101: creating tests/Makefile
config.status:1101: creating include/config.h
config.status:1330: executing depfiles commands
config.status:1330: executing libtool commands

## ---------------- ##
## Cache variables. ##
## ---------------- ##

ac_cv_build=x86_64-pc-linux-gnu
ac_cv_c_compiler_gnu=yes
ac_cv_c_const=yes
ac_cv_env_CC_set=
ac_cv_env_CC_value=
ac_cv_env_CFLAGS_set=
ac_cv_env_CFLAGS_value=
ac_cv_env_CPPFLAGS_set=
ac_cv_env_CPPFLAGS_value=
ac_cv_env_CPP_set=
ac_cv_env_CPP_value=
ac_cv_env_LDFLAGS_set=
ac_cv_env_LDFLAGS_value=
ac_cv_env_LIBS_set=
ac_cv_env_LIBS_value=
ac_cv_env_LT_SYS_LIBRARY_PATH_set=
ac_cv_env_LT_SYS_LIBRARY_PATH_value=
ac_cv_env_build_alias_set=
ac_cv_env_build_alias_value=
ac_cv_env_host_alias_set=
ac_cv_env_host_alias_value=
ac_cv_env_target_alias_set=
ac_cv_env_target_alias_value=
ac_cv_header_dlfcn_h=yes
ac_cv_header_inttypes_h=yes
ac_cv_header_memory_h=yes
ac_cv_header_stdc=yes
ac_cv_header_stdint_h=yes
ac_cv_header_stdlib_h=yes
ac_cv_header_string_h=yes
ac_cv_header_strings_h=yes
ac_cv_header_sys_stat_h=yes
ac_cv_header_sys_types_h=yes
ac_cv_header_unistd_h=yes
ac_cv_host=x86_64-pc-linux-gnu
ac_cv_objext=o
ac_cv_path_EGREP='/usr/bin/grep -E'
ac_cv_path_FGREP='/usr/bin/grep -F'
ac_cv_path_GREP=/usr/bin/grep
ac_cv_path_SED=/usr/bin/sed
ac_cv_path_install='/usr/bin/install -c'
ac_cv_path_lt_DD=/usr/bin/dd
ac_cv_path_mkdir=/usr/bin/mkdir
ac_cv_prog_AWK=gawk
ac_cv_prog_CPP='gcc -E'
ac_cv_prog_DOXYGEN=false
ac_cv_prog_ac_ct_AR=ar
ac_cv_prog_ac_ct_CC=gcc
ac_cv_prog_ac_ct_MANIFEST_TOOL=mt
ac_cv_prog_ac_ct_OBJDUMP=objdump
ac_cv_prog_ac_ct_RANLIB=ranlib
ac_cv_prog_ac_ct_STRIP=strip
ac_cv_prog_cc_c89=
ac_cv_prog_cc_g=yes
ac_cv_prog_make_make_set=yes
ac_cv_type_size_t=yes
am_cv_CC_dependencies_compiler_type=gcc3
am_cv_make_support_nested_variables=yes
am_cv_prog_cc_c_o=yes
lt_cv_ar_at_file=@
lt_cv_archive_cmds_need_lc=no
lt_cv_deplibs_check_method=pass_all
lt_cv_file_magic_cmd='$MAGIC_CMD'
lt_cv_file_magic_test_file=
lt_cv_ld_reload_flag=-r
lt_cv_nm_interface='BSD nm'
lt_cv_objdir=.libs
lt_cv_path_LD=/usr/bin/ld
lt_cv_path_NM='/usr/bin/nm -B'
lt_cv_path_mainfest_tool=no
lt_cv_prog_compiler_c_o=yes
lt_cv_prog_compiler_pic='-fPIC -DPIC'
lt_cv_prog_compiler_pic_works=yes
lt_cv_prog_compiler_rtti_exceptions=no
lt_cv_prog_compiler_static_works=yes
lt_cv_prog_gnu_ld=yes
lt_cv_sharedlib_from_linklib_cmd='printf %s\n'
lt_cv_shlibpath_overrides_runpath=yes
lt_cv_sys_global_symbol_pipe='sed -n -e '\''s/^.*[	 ]\([ABCDGIRSTW][ABCDGIRSTW]*\)[	 ][	 ]*\([_A-Za-z][_A-Za-z0-9]*\)$/\1 \2 \2/p'\'' | sed '\''/ __gnu_lto/d'\'''
lt_cv_sys_global_symbol_to_c_name_address='sed -n -e '\''s/^: \(.*\) .*$/  {"\1", (void *) 0},/p'\'' -e '\''s/^[ABCDGIRSTW][ABCDGIRSTW]* .* \(.*\)$/  {"\1", (void *) \&\1},/p'\'''
lt_cv_sys_global_symbol_to_c_name_address_lib_prefix='sed -n -e '\''s/^: \(.*\) .*$/  {"\1", (void *) 0},/p'\'' -e '\''s/^[ABCDGIRSTW][ABCDGIRSTW]* .* \(lib.*\)$/  {"\1", (void *) \&\1},/p'\'' -e '\''s/^[ABCDGIRSTW][ABCDGIRSTW]* .* \(.*\)$/  {"lib\1", (void *) \&\1},/p'\'''
lt_cv_sys_global_symbol_to_cdecl='sed -n -e '\''s/^T .* \(.*\)$/extern int \1();/p'\'' -e '\''s/^[ABCDGIRSTW][ABCDGIRSTW]* .* \(.*\)$/extern char \1;/p'\'''
lt_cv_sys_global_symbol_to_import=
lt_cv_sys_max_cmd_len=1572864
lt_cv_to_host_file_cmd=func_convert_file_noop
lt_cv_to_tool_file_cmd=func_convert_file_noop
lt_cv_truncate_bin='/usr/bin/dd bs=4096 count=1'

## ----------------- ##
## Output variables. ##
## ----------------- ##

ACLOCAL='${SHELL} /mnt/nfs/homes/bdetune/42Cursus/42Unix/taskmaster/libs/yaml-0.2.5/config/missing aclocal-1.15'
AMDEPBACKSLASH='\'
AMDEP_FALSE='#'
AMDEP_TRUE=''
AMTAR='$${TAR-tar}'
AM_BACKSLASH='\'
AM_DEFAULT_V='$(AM_DEFAULT_VERBOSITY)'
AM_DEFAULT_VERBOSITY='1'
AM_V='$(V)'
AR='ar'
AUTOCONF='${SHELL} /mnt/nfs/homes/bdetune/42Cursus/42Unix/taskmaster/libs/yaml-0.2.5/config/missing autoconf'
AUTOHEADER='${SHELL} /mnt/nfs/homes/bdetune/42Cursus/42Unix/taskmaster/libs/yaml-0.2.5/config/missing autoheader'
AUTOMAKE='${SHELL} /mnt/nfs/homes/bdetune/42Cursus/42Unix/taskmaster/libs/yaml-0.2.5/config/missing automake-1.15'
AWK='gawk'
CC='gcc'
CCDEPMODE='depmode=gcc3'
CFLAGS='-g -O2'
CPP='gcc -E'
CPPFLAGS=''
CYGPATH_W='echo'
DEFS='-DHAVE_CONFIG_H'
DEPDIR='.deps'
DLLTOOL='false'
DOXYGEN='false'
DOXYGEN_FALSE=''
DOXYGEN_TRUE='#'
DSYMUTIL=''
DUMPBIN=''
ECHO_C=''
ECHO_N='-n'
ECHO_T=''
EGREP='/usr/bin/grep -E'
EXEEXT=''
FGREP='/usr/bin/grep -F'
GREP='/usr/bin/grep'
INSTALL_DATA='${INSTALL} -m 644'
INSTALL_PROGRAM='${INSTALL}'
INSTALL_SCRIPT='${INSTALL}'
INSTALL_STRIP_PROGRAM='$(install_sh) -c -s'
LD='/usr/bin/ld -m elf_x86_64'
LDFLAGS=''
LIBOBJS=''
LIBS=''
LIBTOOL='$(SHELL) $(top_builddir)/libtool'
LIPO=''
LN_S='ln -s'
LTLIBOBJS=''
LT_SYS_LIBRARY_PATH=''
MAKEINFO='${SHELL} /mnt/nfs/homes/bdetune/42Cursus/42Unix/taskmaster/libs/yaml-0.2.5/config/missing makeinfo'
MANIFEST_TOOL=':'
MKDIR_P='/usr/bin/mkdir -p'
NM='/usr/bin/nm -B'
NMEDIT=''
OBJDUMP='objdump'
OBJEXT='o'
OTOOL64=''
OTOOL=''
PACKAGE='yaml'
PACKAGE_BUGREPORT='https://github.com/yaml/libyaml/issues/new'
PACKAGE_NAME='yaml'
PACKAGE_STRING='yaml 0.2.5'
PACKAGE_TARNAME='yaml'
PACKAGE_URL=''
PACKAGE_VERSION='0.2.5'
PATH_SEPARATOR=':'
RANLIB='ranlib'
SED='/usr/bin/sed'
SET_MAKE=''
SHELL='/bin/bash'
STRIP='strip'
VERSION='0.2.5'
YAML_LT_AGE='0'
YAML_LT_CURRENT='2'
YAML_LT_RELEASE='0'
YAML_LT_REVISION='9'
ac_ct_AR='ar'
ac_ct_CC='gcc'
ac_ct_DUMPBIN=''
am__EXEEXT_FALSE=''
am__EXEEXT_TRUE='#'
am__fastdepCC_FALSE='#'
am__fastdepCC_TRUE=''
am__include='include'
am__isrc=''
am__leading_dot='.'
am__nodep='_no'
am__quote=''
am__tar='$${TAR-tar} chof - "$$tardir"'
am__untar='$${TAR-tar} xf -'
bindir='${exec_prefix}/bin'
build='x86_64-pc-linux-gnu'
build_alias=''
build_cpu='x86_64'
build_os='linux-gnu'
build_vendor='pc'
datadir='${datarootdir}'
datarootdir='${prefix}/share'
docdir='${datarootdir}/doc/${PACKAGE_TARNAME}'
dvidir='${docdir}'
exec_prefix='${prefix}'
host='x86_64-pc-linux-gnu'
host_alias=''
host_cpu='x86_64'
host_os='linux-gnu'
host_vendor='pc'
htmldir='${docdir}'
includedir='${prefix}/include'
infodir='${datarootdir}/info'
install_sh='${SHELL} /mnt/nfs/homes/bdetune/42Cursus/42Unix/taskmaster/libs/yaml-0.2.5/config/install-sh'
libdir='${exec_prefix}/lib'
libexecdir='${exec_prefix}/libexec'
localedir='${datarootdir}/locale'
localstatedir='${prefix}/var'
mandir='${datarootdir}/man'
mkdir_p='$(MKDIR_P)'
oldincludedir='/usr/include'
pdfdir='${docdir}'
prefix='/usr/local'
program_transform_name='s,x,x,'
psdir='${docdir}'
runstatedir='${localstatedir}/run'
sbindir='${exec_prefix}/sbin'
sharedstatedir='${prefix}/com'
sysconfdir='${prefix}/etc'
target_alias=''

## ----------- ##
## confdefs.h. ##
## ----------- ##

/* confdefs.h */
#define PACKAGE_NAME "yaml"
#define PACKAGE_TARNAME "yaml"
#define PACKAGE_VERSION "0.2.5"
#define PACKAGE_STRING "yaml 0.2.5"
#define PACKAGE_BUGREPORT "https://github.com/yaml/libyaml/issues/new"
#define PACKAGE_URL ""
#define PACKAGE "yaml"
#define VERSION "0.2.5"
#define YAML_VERSION_MAJOR 0
#define YAML_VERSION_MINOR 2
#define YAML_VERSION_PATCH 5
#define YAML_VERSION_STRING "0.2.5"
#define STDC_HEADERS 1
#define HAVE_SYS_TYPES_H 1
#define HAVE_SYS_STAT_H 1
#define HAVE_STDLIB_H 1
#define HAVE_STRING_H 1
#define HAVE_MEMORY_H 1
#define HAVE_STRINGS_H 1
#define HAVE_INTTYPES_H 1
#define HAVE_STDINT_H 1
#define HAVE_UNISTD_H 1
#define HAVE_DLFCN_H 1
#define LT_OBJDIR ".libs/"
#define STDC_HEADERS 1
#define HAVE_STDLIB_H 1

configure: exit 0
